<?xml version="1.0" encoding="UTF-8"?>
<!-- Generated by org.testng.reporters.JUnitXMLReporter -->
<testsuite hostname="DESKTOP-2DPCQTH" ignored="0" name="Command line test" tests="1" failures="1" timestamp="30 Aug 2019 16:45:21 GMT" time="4.648" errors="0">
  <testcase name="startTest1" time="4.549" classname="com.DriverScript.AppTest">
    <failure type="java.lang.NoClassDefFoundError" message="com/google/common/collect/ImmutableMap">
      <![CDATA[java.lang.NoClassDefFoundError: com/google/common/collect/ImmutableMap
at org.openqa.selenium.remote.service.DriverService$Builder.<init>(DriverService.java:250)
at org.openqa.selenium.chrome.ChromeDriverService$Builder.<init>(ChromeDriverService.java:98)
at org.openqa.selenium.chrome.ChromeDriverService.createDefaultService(ChromeDriverService.java:91)
at org.openqa.selenium.chrome.ChromeDriver.<init>(ChromeDriver.java:123)
at com.Functionlibrary.CommonFunctions.startBrowser(CommonFunctions.java:21)
at com.DriverScript.TestScript.startTest(TestScript.java:41)
at com.DriverScript.AppTest.startTest1(AppTest.java:14)
Caused by: java.lang.ClassNotFoundException: com.google.common.collect.ImmutableMap
at java.net.URLClassLoader.findClass(URLClassLoader.java:382)
at java.lang.ClassLoader.loadClass(ClassLoader.java:424)
at sun.misc.Launcher$AppClassLoader.loadClass(Launcher.java:349)
at java.lang.ClassLoader.loadClass(ClassLoader.java:357)
... 42 more
... Removed 35 stack frames]]>
    </failure>
  </testcase> <!-- startTest1 -->
</testsuite> <!-- Command line test -->
